2020-04-21 00:00:00,666 INFO 56218 [egg-logrotator] app logger reload: got log-reload message
2020-04-21 12:26:03,762 INFO 13037 [egg:logger] init all loggers with options: {"dir":"/Users/wanjianxin/xiaowan/graduation_project/english-pratice-server/logs/example-simple","encoding":"utf8","env":"local","level":"INFO","consoleLevel":"INFO","disableConsoleAfterReady":false,"outputJSON":false,"buffer":true,"appLogName":"example-simple-web.log","coreLogName":"egg-web.log","agentLogName":"egg-agent.log","errorLogName":"common-error.log","coreLogger":{"consoleLevel":"WARN"},"allowDebugAtProd":false,"type":"application"}
2020-04-21 12:26:03,790 INFO 13037 [egg-multipart] stream mode enable
2020-04-21 12:26:03,790 INFO 13037 [egg-mysql] connecting root@139.199.104.60:3306/english-practice
2020-04-21 12:26:03,925 INFO 13037 [egg-static] starting static serve /public/ -> /Users/wanjianxin/xiaowan/graduation_project/english-pratice-server/app/public
2020-04-21 12:26:03,927 INFO 13037 [egg-security] use methodnoallow middleware
2020-04-21 12:26:03,927 INFO 13037 [egg-security] use noopen middleware
2020-04-21 12:26:03,928 INFO 13037 [egg-security] use nosniff middleware
2020-04-21 12:26:03,929 INFO 13037 [egg-security] use xssProtection middleware
2020-04-21 12:26:03,931 INFO 13037 [egg-security] use xframe middleware
2020-04-21 12:26:03,932 INFO 13037 [egg-security] use dta middleware
2020-04-21 12:26:03,932 INFO 13037 [egg-security] compose 6 middlewares into one security middleware
2020-04-21 12:26:03,946 INFO 13037 [egg:core] dump config after load, 5ms
2020-04-21 12:26:03,960 INFO 13037 [egg-watcher:application] watcher start success
2020-04-21 12:26:04,116 INFO 13037 [egg-mysql] instance[0] status OK, rds currentTime: Tue Apr 21 2020 12:26:04 GMT+0800 (GMT+08:00)
2020-04-21 12:26:04,124 INFO 13037 [egg:core] dump config after ready, 6ms
2020-04-21 12:29:34,503 INFO 13322 [egg:logger] init all loggers with options: {"dir":"/Users/wanjianxin/xiaowan/graduation_project/english-pratice-server/logs/example-simple","encoding":"utf8","env":"local","level":"INFO","consoleLevel":"INFO","disableConsoleAfterReady":false,"outputJSON":false,"buffer":true,"appLogName":"example-simple-web.log","coreLogName":"egg-web.log","agentLogName":"egg-agent.log","errorLogName":"common-error.log","coreLogger":{"consoleLevel":"WARN"},"allowDebugAtProd":false,"type":"application"}
2020-04-21 12:29:34,532 INFO 13322 [egg-multipart] stream mode enable
2020-04-21 12:29:34,533 INFO 13322 [egg-mysql] connecting root@139.199.104.60:3306/english-practice
2020-04-21 12:29:34,656 INFO 13322 [egg-static] starting static serve /public/ -> /Users/wanjianxin/xiaowan/graduation_project/english-pratice-server/app/public
2020-04-21 12:29:34,658 INFO 13322 [egg-security] use methodnoallow middleware
2020-04-21 12:29:34,659 INFO 13322 [egg-security] use noopen middleware
2020-04-21 12:29:34,659 INFO 13322 [egg-security] use nosniff middleware
2020-04-21 12:29:34,660 INFO 13322 [egg-security] use xssProtection middleware
2020-04-21 12:29:34,662 INFO 13322 [egg-security] use xframe middleware
2020-04-21 12:29:34,663 INFO 13322 [egg-security] use dta middleware
2020-04-21 12:29:34,663 INFO 13322 [egg-security] compose 6 middlewares into one security middleware
2020-04-21 12:29:34,676 INFO 13322 [egg:core] dump config after load, 5ms
2020-04-21 12:29:34,687 INFO 13322 [egg-watcher:application] watcher start success
2020-04-21 12:29:34,830 INFO 13322 [egg-mysql] instance[0] status OK, rds currentTime: Tue Apr 21 2020 12:29:34 GMT+0800 (GMT+08:00)
2020-04-21 12:29:34,839 INFO 13322 [egg:core] dump config after ready, 7ms
2020-04-21 12:29:36,760 INFO 13331 [egg:logger] init all loggers with options: {"dir":"/Users/wanjianxin/xiaowan/graduation_project/english-pratice-server/logs/example-simple","encoding":"utf8","env":"local","level":"INFO","consoleLevel":"INFO","disableConsoleAfterReady":false,"outputJSON":false,"buffer":true,"appLogName":"example-simple-web.log","coreLogName":"egg-web.log","agentLogName":"egg-agent.log","errorLogName":"common-error.log","coreLogger":{"consoleLevel":"WARN"},"allowDebugAtProd":false,"type":"application"}
2020-04-21 12:29:36,787 INFO 13331 [egg-multipart] stream mode enable
2020-04-21 12:29:36,788 INFO 13331 [egg-mysql] connecting root@139.199.104.60:3306/english-practice
2020-04-21 12:29:36,873 INFO 13331 [egg-static] starting static serve /public/ -> /Users/wanjianxin/xiaowan/graduation_project/english-pratice-server/app/public
2020-04-21 12:29:36,875 INFO 13331 [egg-security] use methodnoallow middleware
2020-04-21 12:29:36,875 INFO 13331 [egg-security] use noopen middleware
2020-04-21 12:29:36,875 INFO 13331 [egg-security] use nosniff middleware
2020-04-21 12:29:36,876 INFO 13331 [egg-security] use xssProtection middleware
2020-04-21 12:29:36,878 INFO 13331 [egg-security] use xframe middleware
2020-04-21 12:29:36,878 INFO 13331 [egg-security] use dta middleware
2020-04-21 12:29:36,878 INFO 13331 [egg-security] compose 6 middlewares into one security middleware
2020-04-21 12:29:36,890 INFO 13331 [egg:core] dump config after load, 5ms
2020-04-21 12:29:36,901 INFO 13331 [egg-watcher:application] watcher start success
2020-04-21 12:29:37,083 INFO 13331 [egg-mysql] instance[0] status OK, rds currentTime: Tue Apr 21 2020 12:29:37 GMT+0800 (GMT+08:00)
2020-04-21 12:29:37,090 INFO 13331 [egg:core] dump config after ready, 5ms
2020-04-21 12:29:37,892 INFO 13332 [egg:logger] init all loggers with options: {"dir":"/Users/wanjianxin/xiaowan/graduation_project/english-pratice-server/logs/example-simple","encoding":"utf8","env":"local","level":"INFO","consoleLevel":"INFO","disableConsoleAfterReady":false,"outputJSON":false,"buffer":true,"appLogName":"example-simple-web.log","coreLogName":"egg-web.log","agentLogName":"egg-agent.log","errorLogName":"common-error.log","coreLogger":{"consoleLevel":"WARN"},"allowDebugAtProd":false,"type":"application"}
2020-04-21 12:29:37,921 INFO 13332 [egg-multipart] stream mode enable
2020-04-21 12:29:37,921 INFO 13332 [egg-mysql] connecting root@139.199.104.60:3306/english-practice
2020-04-21 12:29:38,012 INFO 13332 [egg-static] starting static serve /public/ -> /Users/wanjianxin/xiaowan/graduation_project/english-pratice-server/app/public
2020-04-21 12:29:38,014 INFO 13332 [egg-security] use methodnoallow middleware
2020-04-21 12:29:38,014 INFO 13332 [egg-security] use noopen middleware
2020-04-21 12:29:38,015 INFO 13332 [egg-security] use nosniff middleware
2020-04-21 12:29:38,015 INFO 13332 [egg-security] use xssProtection middleware
2020-04-21 12:29:38,017 INFO 13332 [egg-security] use xframe middleware
2020-04-21 12:29:38,017 INFO 13332 [egg-security] use dta middleware
2020-04-21 12:29:38,018 INFO 13332 [egg-security] compose 6 middlewares into one security middleware
2020-04-21 12:29:38,043 INFO 13332 [egg:core] dump config after load, 8ms
2020-04-21 12:29:38,099 INFO 13332 [egg-watcher:application] watcher start success
2020-04-21 12:29:38,556 INFO 13334 [egg:logger] init all loggers with options: {"dir":"/Users/wanjianxin/xiaowan/graduation_project/english-pratice-server/logs/example-simple","encoding":"utf8","env":"local","level":"INFO","consoleLevel":"INFO","disableConsoleAfterReady":false,"outputJSON":false,"buffer":true,"appLogName":"example-simple-web.log","coreLogName":"egg-web.log","agentLogName":"egg-agent.log","errorLogName":"common-error.log","coreLogger":{"consoleLevel":"WARN"},"allowDebugAtProd":false,"type":"application"}
2020-04-21 12:29:38,593 INFO 13334 [egg-multipart] stream mode enable
2020-04-21 12:29:38,593 INFO 13334 [egg-mysql] connecting root@139.199.104.60:3306/english-practice
2020-04-21 12:29:38,734 INFO 13334 [egg-static] starting static serve /public/ -> /Users/wanjianxin/xiaowan/graduation_project/english-pratice-server/app/public
2020-04-21 12:29:38,736 INFO 13334 [egg-security] use methodnoallow middleware
2020-04-21 12:29:38,736 INFO 13334 [egg-security] use noopen middleware
2020-04-21 12:29:38,737 INFO 13334 [egg-security] use nosniff middleware
2020-04-21 12:29:38,737 INFO 13334 [egg-security] use xssProtection middleware
2020-04-21 12:29:38,742 INFO 13334 [egg-security] use xframe middleware
2020-04-21 12:29:38,743 INFO 13334 [egg-security] use dta middleware
2020-04-21 12:29:38,743 INFO 13334 [egg-security] compose 6 middlewares into one security middleware
2020-04-21 12:29:38,762 INFO 13334 [egg:core] dump config after load, 8ms
2020-04-21 12:29:38,777 INFO 13334 [egg-watcher:application] watcher start success
2020-04-21 12:29:38,904 INFO 13334 [egg-mysql] instance[0] status OK, rds currentTime: Tue Apr 21 2020 12:29:38 GMT+0800 (GMT+08:00)
2020-04-21 12:29:38,911 INFO 13334 [egg:core] dump config after ready, 6ms
2020-04-21 12:29:38,997 INFO 13335 [egg:logger] init all loggers with options: {"dir":"/Users/wanjianxin/xiaowan/graduation_project/english-pratice-server/logs/example-simple","encoding":"utf8","env":"local","level":"INFO","consoleLevel":"INFO","disableConsoleAfterReady":false,"outputJSON":false,"buffer":true,"appLogName":"example-simple-web.log","coreLogName":"egg-web.log","agentLogName":"egg-agent.log","errorLogName":"common-error.log","coreLogger":{"consoleLevel":"WARN"},"allowDebugAtProd":false,"type":"application"}
2020-04-21 12:29:39,025 INFO 13335 [egg-multipart] stream mode enable
2020-04-21 12:29:39,026 INFO 13335 [egg-mysql] connecting root@139.199.104.60:3306/english-practice
2020-04-21 12:29:39,114 INFO 13335 [egg-static] starting static serve /public/ -> /Users/wanjianxin/xiaowan/graduation_project/english-pratice-server/app/public
2020-04-21 12:29:39,115 INFO 13335 [egg-security] use methodnoallow middleware
2020-04-21 12:29:39,116 INFO 13335 [egg-security] use noopen middleware
2020-04-21 12:29:39,116 INFO 13335 [egg-security] use nosniff middleware
2020-04-21 12:29:39,117 INFO 13335 [egg-security] use xssProtection middleware
2020-04-21 12:29:39,119 INFO 13335 [egg-security] use xframe middleware
2020-04-21 12:29:39,119 INFO 13335 [egg-security] use dta middleware
2020-04-21 12:29:39,119 INFO 13335 [egg-security] compose 6 middlewares into one security middleware
2020-04-21 12:29:39,131 INFO 13335 [egg:core] dump config after load, 5ms
2020-04-21 12:29:39,143 INFO 13335 [egg-watcher:application] watcher start success
2020-04-21 12:29:39,286 INFO 13335 [egg-mysql] instance[0] status OK, rds currentTime: Tue Apr 21 2020 12:29:39 GMT+0800 (GMT+08:00)
2020-04-21 12:29:39,294 INFO 13335 [egg:core] dump config after ready, 6ms
2020-04-21 12:30:11,338 INFO 13371 [egg:logger] init all loggers with options: {"dir":"/Users/wanjianxin/xiaowan/graduation_project/english-pratice-server/logs/example-simple","encoding":"utf8","env":"local","level":"INFO","consoleLevel":"INFO","disableConsoleAfterReady":false,"outputJSON":false,"buffer":true,"appLogName":"example-simple-web.log","coreLogName":"egg-web.log","agentLogName":"egg-agent.log","errorLogName":"common-error.log","coreLogger":{"consoleLevel":"WARN"},"allowDebugAtProd":false,"type":"application"}
2020-04-21 12:30:11,367 INFO 13371 [egg-multipart] stream mode enable
2020-04-21 12:30:11,368 INFO 13371 [egg-mysql] connecting root@139.199.104.60:3306/english-practice
2020-04-21 12:30:11,452 INFO 13371 [egg-static] starting static serve /public/ -> /Users/wanjianxin/xiaowan/graduation_project/english-pratice-server/app/public
2020-04-21 12:30:11,454 INFO 13371 [egg-security] use methodnoallow middleware
2020-04-21 12:30:11,455 INFO 13371 [egg-security] use noopen middleware
2020-04-21 12:30:11,455 INFO 13371 [egg-security] use nosniff middleware
2020-04-21 12:30:11,456 INFO 13371 [egg-security] use xssProtection middleware
2020-04-21 12:30:11,458 INFO 13371 [egg-security] use xframe middleware
2020-04-21 12:30:11,458 INFO 13371 [egg-security] use dta middleware
2020-04-21 12:30:11,458 INFO 13371 [egg-security] compose 6 middlewares into one security middleware
2020-04-21 12:30:11,471 INFO 13371 [egg:core] dump config after load, 5ms
2020-04-21 12:30:11,482 INFO 13371 [egg-watcher:application] watcher start success
2020-04-21 12:30:11,614 INFO 13371 [egg-mysql] instance[0] status OK, rds currentTime: Tue Apr 21 2020 12:30:11 GMT+0800 (GMT+08:00)
2020-04-21 12:30:11,621 INFO 13371 [egg:core] dump config after ready, 5ms
2020-04-21 12:31:43,068 INFO 13502 [egg:logger] init all loggers with options: {"dir":"/Users/wanjianxin/xiaowan/graduation_project/english-pratice-server/logs/example-simple","encoding":"utf8","env":"local","level":"INFO","consoleLevel":"INFO","disableConsoleAfterReady":false,"outputJSON":false,"buffer":true,"appLogName":"example-simple-web.log","coreLogName":"egg-web.log","agentLogName":"egg-agent.log","errorLogName":"common-error.log","coreLogger":{"consoleLevel":"WARN"},"allowDebugAtProd":false,"type":"application"}
2020-04-21 12:31:43,096 INFO 13502 [egg-multipart] stream mode enable
2020-04-21 12:31:43,096 INFO 13502 [egg-mysql] connecting root@139.199.104.60:3306/english-practice
2020-04-21 12:31:43,195 INFO 13502 [egg-static] starting static serve /public/ -> /Users/wanjianxin/xiaowan/graduation_project/english-pratice-server/app/public
2020-04-21 12:31:43,197 INFO 13502 [egg-security] use methodnoallow middleware
2020-04-21 12:31:43,198 INFO 13502 [egg-security] use noopen middleware
2020-04-21 12:31:43,198 INFO 13502 [egg-security] use nosniff middleware
2020-04-21 12:31:43,199 INFO 13502 [egg-security] use xssProtection middleware
2020-04-21 12:31:43,201 INFO 13502 [egg-security] use xframe middleware
2020-04-21 12:31:43,202 INFO 13502 [egg-security] use dta middleware
2020-04-21 12:31:43,202 INFO 13502 [egg-security] compose 6 middlewares into one security middleware
2020-04-21 12:31:43,216 INFO 13502 [egg:core] dump config after load, 5ms
2020-04-21 12:31:43,227 INFO 13502 [egg-watcher:application] watcher start success
2020-04-21 12:31:43,376 INFO 13502 [egg-mysql] instance[0] status OK, rds currentTime: Tue Apr 21 2020 12:31:43 GMT+0800 (GMT+08:00)
2020-04-21 12:31:43,383 INFO 13502 [egg:core] dump config after ready, 5ms
2020-04-21 12:31:48,353 INFO 13513 [egg:logger] init all loggers with options: {"dir":"/Users/wanjianxin/xiaowan/graduation_project/english-pratice-server/logs/example-simple","encoding":"utf8","env":"local","level":"INFO","consoleLevel":"INFO","disableConsoleAfterReady":false,"outputJSON":false,"buffer":true,"appLogName":"example-simple-web.log","coreLogName":"egg-web.log","agentLogName":"egg-agent.log","errorLogName":"common-error.log","coreLogger":{"consoleLevel":"WARN"},"allowDebugAtProd":false,"type":"application"}
2020-04-21 12:31:48,381 INFO 13513 [egg-multipart] stream mode enable
2020-04-21 12:31:48,382 INFO 13513 [egg-mysql] connecting root@139.199.104.60:3306/english-practice
2020-04-21 12:31:48,475 INFO 13513 [egg-static] starting static serve /public/ -> /Users/wanjianxin/xiaowan/graduation_project/english-pratice-server/app/public
2020-04-21 12:31:48,478 INFO 13513 [egg-security] use methodnoallow middleware
2020-04-21 12:31:48,478 INFO 13513 [egg-security] use noopen middleware
2020-04-21 12:31:48,479 INFO 13513 [egg-security] use nosniff middleware
2020-04-21 12:31:48,479 INFO 13513 [egg-security] use xssProtection middleware
2020-04-21 12:31:48,482 INFO 13513 [egg-security] use xframe middleware
2020-04-21 12:31:48,482 INFO 13513 [egg-security] use dta middleware
2020-04-21 12:31:48,482 INFO 13513 [egg-security] compose 6 middlewares into one security middleware
2020-04-21 12:31:48,495 INFO 13513 [egg:core] dump config after load, 5ms
2020-04-21 12:31:48,506 INFO 13513 [egg-watcher:application] watcher start success
2020-04-21 12:31:48,653 INFO 13513 [egg-mysql] instance[0] status OK, rds currentTime: Tue Apr 21 2020 12:31:48 GMT+0800 (GMT+08:00)
2020-04-21 12:31:48,662 INFO 13513 [egg:core] dump config after ready, 7ms
2020-04-21 12:32:16,119 INFO 13551 [egg:logger] init all loggers with options: {"dir":"/Users/wanjianxin/xiaowan/graduation_project/english-pratice-server/logs/example-simple","encoding":"utf8","env":"local","level":"INFO","consoleLevel":"INFO","disableConsoleAfterReady":false,"outputJSON":false,"buffer":true,"appLogName":"example-simple-web.log","coreLogName":"egg-web.log","agentLogName":"egg-agent.log","errorLogName":"common-error.log","coreLogger":{"consoleLevel":"WARN"},"allowDebugAtProd":false,"type":"application"}
2020-04-21 12:32:16,148 INFO 13551 [egg-multipart] stream mode enable
2020-04-21 12:32:16,148 INFO 13551 [egg-mysql] connecting root@139.199.104.60:3306/english-practice
2020-04-21 12:32:16,234 INFO 13551 [egg-static] starting static serve /public/ -> /Users/wanjianxin/xiaowan/graduation_project/english-pratice-server/app/public
2020-04-21 12:32:16,236 INFO 13551 [egg-security] use methodnoallow middleware
2020-04-21 12:32:16,236 INFO 13551 [egg-security] use noopen middleware
2020-04-21 12:32:16,237 INFO 13551 [egg-security] use nosniff middleware
2020-04-21 12:32:16,237 INFO 13551 [egg-security] use xssProtection middleware
2020-04-21 12:32:16,239 INFO 13551 [egg-security] use xframe middleware
2020-04-21 12:32:16,239 INFO 13551 [egg-security] use dta middleware
2020-04-21 12:32:16,240 INFO 13551 [egg-security] compose 6 middlewares into one security middleware
2020-04-21 12:32:16,252 INFO 13551 [egg:core] dump config after load, 5ms
2020-04-21 12:32:16,262 INFO 13551 [egg-watcher:application] watcher start success
2020-04-21 12:32:16,400 INFO 13551 [egg-mysql] instance[0] status OK, rds currentTime: Tue Apr 21 2020 12:32:16 GMT+0800 (GMT+08:00)
2020-04-21 12:32:16,408 INFO 13551 [egg:core] dump config after ready, 6ms
2020-04-21 12:32:33,055 INFO 13594 [egg:logger] init all loggers with options: {"dir":"/Users/wanjianxin/xiaowan/graduation_project/english-pratice-server/logs/example-simple","encoding":"utf8","env":"local","level":"INFO","consoleLevel":"INFO","disableConsoleAfterReady":false,"outputJSON":false,"buffer":true,"appLogName":"example-simple-web.log","coreLogName":"egg-web.log","agentLogName":"egg-agent.log","errorLogName":"common-error.log","coreLogger":{"consoleLevel":"WARN"},"allowDebugAtProd":false,"type":"application"}
2020-04-21 12:32:33,084 INFO 13594 [egg-multipart] stream mode enable
2020-04-21 12:32:33,084 INFO 13594 [egg-mysql] connecting root@139.199.104.60:3306/english-practice
2020-04-21 12:32:33,173 INFO 13594 [egg-static] starting static serve /public/ -> /Users/wanjianxin/xiaowan/graduation_project/english-pratice-server/app/public
2020-04-21 12:32:33,175 INFO 13594 [egg-security] use methodnoallow middleware
2020-04-21 12:32:33,176 INFO 13594 [egg-security] use noopen middleware
2020-04-21 12:32:33,176 INFO 13594 [egg-security] use nosniff middleware
2020-04-21 12:32:33,176 INFO 13594 [egg-security] use xssProtection middleware
2020-04-21 12:32:33,179 INFO 13594 [egg-security] use xframe middleware
2020-04-21 12:32:33,179 INFO 13594 [egg-security] use dta middleware
2020-04-21 12:32:33,179 INFO 13594 [egg-security] compose 6 middlewares into one security middleware
2020-04-21 12:32:33,192 INFO 13594 [egg:core] dump config after load, 6ms
2020-04-21 12:32:33,203 INFO 13594 [egg-watcher:application] watcher start success
2020-04-21 12:32:33,337 INFO 13594 [egg-mysql] instance[0] status OK, rds currentTime: Tue Apr 21 2020 12:32:33 GMT+0800 (GMT+08:00)
2020-04-21 12:32:33,345 INFO 13594 [egg:core] dump config after ready, 6ms
2020-04-21 12:32:35,539 INFO 13604 [egg:logger] init all loggers with options: {"dir":"/Users/wanjianxin/xiaowan/graduation_project/english-pratice-server/logs/example-simple","encoding":"utf8","env":"local","level":"INFO","consoleLevel":"INFO","disableConsoleAfterReady":false,"outputJSON":false,"buffer":true,"appLogName":"example-simple-web.log","coreLogName":"egg-web.log","agentLogName":"egg-agent.log","errorLogName":"common-error.log","coreLogger":{"consoleLevel":"WARN"},"allowDebugAtProd":false,"type":"application"}
2020-04-21 12:32:35,569 INFO 13604 [egg-multipart] stream mode enable
2020-04-21 12:32:35,569 INFO 13604 [egg-mysql] connecting root@139.199.104.60:3306/english-practice
2020-04-21 12:32:35,658 INFO 13604 [egg-static] starting static serve /public/ -> /Users/wanjianxin/xiaowan/graduation_project/english-pratice-server/app/public
2020-04-21 12:32:35,660 INFO 13604 [egg-security] use methodnoallow middleware
2020-04-21 12:32:35,661 INFO 13604 [egg-security] use noopen middleware
2020-04-21 12:32:35,661 INFO 13604 [egg-security] use nosniff middleware
2020-04-21 12:32:35,662 INFO 13604 [egg-security] use xssProtection middleware
2020-04-21 12:32:35,664 INFO 13604 [egg-security] use xframe middleware
2020-04-21 12:32:35,664 INFO 13604 [egg-security] use dta middleware
2020-04-21 12:32:35,664 INFO 13604 [egg-security] compose 6 middlewares into one security middleware
2020-04-21 12:32:35,677 INFO 13604 [egg:core] dump config after load, 4ms
2020-04-21 12:32:35,688 INFO 13604 [egg-watcher:application] watcher start success
2020-04-21 12:32:35,819 INFO 13604 [egg-mysql] instance[0] status OK, rds currentTime: Tue Apr 21 2020 12:32:35 GMT+0800 (GMT+08:00)
2020-04-21 12:32:35,827 INFO 13604 [egg:core] dump config after ready, 6ms
2020-04-21 12:32:36,566 INFO 13608 [egg:logger] init all loggers with options: {"dir":"/Users/wanjianxin/xiaowan/graduation_project/english-pratice-server/logs/example-simple","encoding":"utf8","env":"local","level":"INFO","consoleLevel":"INFO","disableConsoleAfterReady":false,"outputJSON":false,"buffer":true,"appLogName":"example-simple-web.log","coreLogName":"egg-web.log","agentLogName":"egg-agent.log","errorLogName":"common-error.log","coreLogger":{"consoleLevel":"WARN"},"allowDebugAtProd":false,"type":"application"}
2020-04-21 12:32:36,596 INFO 13608 [egg-multipart] stream mode enable
2020-04-21 12:32:36,596 INFO 13608 [egg-mysql] connecting root@139.199.104.60:3306/english-practice
2020-04-21 12:32:36,701 INFO 13608 [egg-static] starting static serve /public/ -> /Users/wanjianxin/xiaowan/graduation_project/english-pratice-server/app/public
2020-04-21 12:32:36,703 INFO 13608 [egg-security] use methodnoallow middleware
2020-04-21 12:32:36,704 INFO 13608 [egg-security] use noopen middleware
2020-04-21 12:32:36,704 INFO 13608 [egg-security] use nosniff middleware
2020-04-21 12:32:36,705 INFO 13608 [egg-security] use xssProtection middleware
2020-04-21 12:32:36,707 INFO 13608 [egg-security] use xframe middleware
2020-04-21 12:32:36,707 INFO 13608 [egg-security] use dta middleware
2020-04-21 12:32:36,707 INFO 13608 [egg-security] compose 6 middlewares into one security middleware
2020-04-21 12:32:36,722 INFO 13608 [egg:core] dump config after load, 5ms
2020-04-21 12:32:36,735 INFO 13608 [egg-watcher:application] watcher start success
2020-04-21 12:32:36,883 INFO 13608 [egg-mysql] instance[0] status OK, rds currentTime: Tue Apr 21 2020 12:32:36 GMT+0800 (GMT+08:00)
2020-04-21 12:32:36,892 INFO 13608 [egg:core] dump config after ready, 6ms
2020-04-21 12:32:42,992 INFO 13623 [egg:logger] init all loggers with options: {"dir":"/Users/wanjianxin/xiaowan/graduation_project/english-pratice-server/logs/example-simple","encoding":"utf8","env":"local","level":"INFO","consoleLevel":"INFO","disableConsoleAfterReady":false,"outputJSON":false,"buffer":true,"appLogName":"example-simple-web.log","coreLogName":"egg-web.log","agentLogName":"egg-agent.log","errorLogName":"common-error.log","coreLogger":{"consoleLevel":"WARN"},"allowDebugAtProd":false,"type":"application"}
2020-04-21 12:32:43,021 INFO 13623 [egg-multipart] stream mode enable
2020-04-21 12:32:43,022 INFO 13623 [egg-mysql] connecting root@139.199.104.60:3306/english-practice
2020-04-21 12:32:43,106 INFO 13623 [egg-static] starting static serve /public/ -> /Users/wanjianxin/xiaowan/graduation_project/english-pratice-server/app/public
2020-04-21 12:32:43,108 INFO 13623 [egg-security] use methodnoallow middleware
2020-04-21 12:32:43,108 INFO 13623 [egg-security] use noopen middleware
2020-04-21 12:32:43,109 INFO 13623 [egg-security] use nosniff middleware
2020-04-21 12:32:43,109 INFO 13623 [egg-security] use xssProtection middleware
2020-04-21 12:32:43,112 INFO 13623 [egg-security] use xframe middleware
2020-04-21 12:32:43,112 INFO 13623 [egg-security] use dta middleware
2020-04-21 12:32:43,112 INFO 13623 [egg-security] compose 6 middlewares into one security middleware
2020-04-21 12:32:43,124 INFO 13623 [egg:core] dump config after load, 4ms
2020-04-21 12:32:43,135 INFO 13623 [egg-watcher:application] watcher start success
2020-04-21 12:32:43,616 INFO 13623 [egg-mysql] instance[0] status OK, rds currentTime: Tue Apr 21 2020 12:32:43 GMT+0800 (GMT+08:00)
2020-04-21 12:32:43,623 INFO 13623 [egg:core] dump config after ready, 5ms
2020-04-27 10:52:00,473 INFO 5527 [egg:logger] init all loggers with options: {"dir":"/Users/wanjianxin/xiaowan/graduation_project/english-pratice-server/logs/example-simple","encoding":"utf8","env":"local","level":"INFO","consoleLevel":"INFO","disableConsoleAfterReady":false,"outputJSON":false,"buffer":true,"appLogName":"example-simple-web.log","coreLogName":"egg-web.log","agentLogName":"egg-agent.log","errorLogName":"common-error.log","coreLogger":{"consoleLevel":"WARN"},"allowDebugAtProd":false,"type":"application"}
2020-04-27 10:52:00,503 INFO 5527 [egg-multipart] stream mode enable
2020-04-27 10:52:00,503 INFO 5527 [egg-mysql] connecting root@139.199.104.60:3306/english-practice
2020-04-27 10:52:00,636 INFO 5527 [egg-static] starting static serve /public/ -> /Users/wanjianxin/xiaowan/graduation_project/english-pratice-server/app/public
2020-04-27 10:52:00,638 INFO 5527 [egg-security] use methodnoallow middleware
2020-04-27 10:52:00,638 INFO 5527 [egg-security] use noopen middleware
2020-04-27 10:52:00,639 INFO 5527 [egg-security] use nosniff middleware
2020-04-27 10:52:00,639 INFO 5527 [egg-security] use xssProtection middleware
2020-04-27 10:52:00,641 INFO 5527 [egg-security] use xframe middleware
2020-04-27 10:52:00,642 INFO 5527 [egg-security] use dta middleware
2020-04-27 10:52:00,642 INFO 5527 [egg-security] compose 6 middlewares into one security middleware
2020-04-27 10:52:00,655 INFO 5527 [egg:core] dump config after load, 6ms
2020-04-27 10:52:00,668 INFO 5527 [egg-watcher:application] watcher start success
2020-04-27 10:52:00,834 INFO 5527 [egg-mysql] instance[0] status OK, rds currentTime: Mon Apr 27 2020 10:52:00 GMT+0800 (GMT+08:00)
2020-04-27 10:52:00,843 INFO 5527 [egg:core] dump config after ready, 5ms
2020-04-27 12:25:28,713 WARN 5527 [ClusterClient:Watcher] follower closed, and try to init it again
2020-04-27 13:00:27,578 WARN 5527 [TCPBase] socket is closed by other side while there were still unhandled data in the socket buffer
2020-04-27 13:00:27,579 WARN 5527 [ClusterClient:Watcher] follower closed, and try to init it again
2020-04-27 15:01:06,002 WARN 5527 [TCPBase] socket is closed by other side while there were still unhandled data in the socket buffer
2020-04-27 15:01:06,003 WARN 5527 [ClusterClient:Watcher] follower closed, and try to init it again
2020-04-27 15:09:31,869 WARN 5527 [ClusterClient:Watcher] follower closed, and try to init it again
2020-04-27 16:17:59,686 WARN 5527 [ClusterClient:Watcher] follower closed, and try to init it again
2020-04-27 16:20:06,934 WARN 5527 [TCPBase] socket is closed by other side while there were still unhandled data in the socket buffer
2020-04-27 16:20:06,934 WARN 5527 [ClusterClient:Watcher] follower closed, and try to init it again
2020-04-27 18:21:08,385 WARN 5527 [ClusterClient:Watcher] follower closed, and try to init it again
2020-04-27 18:23:11,784 WARN 5527 [TCPBase] socket is closed by other side while there were still unhandled data in the socket buffer
2020-04-27 18:23:11,784 WARN 5527 [ClusterClient:Watcher] follower closed, and try to init it again
2020-04-27 22:04:23,947 WARN 5527 [ClusterClient:Watcher] follower closed, and try to init it again
2020-04-28 00:05:02,672 WARN 5527 [ClusterClient:Watcher] follower closed, and try to init it again
2020-04-28 02:05:57,935 WARN 5527 [TCPBase] socket is closed by other side while there were still unhandled data in the socket buffer
2020-04-28 02:05:57,935 WARN 5527 [ClusterClient:Watcher] follower closed, and try to init it again
2020-04-28 04:06:37,002 WARN 5527 [TCPBase] socket is closed by other side while there were still unhandled data in the socket buffer
2020-04-28 04:06:37,002 WARN 5527 [ClusterClient:Watcher] follower closed, and try to init it again
2020-04-28 08:08:34,102 WARN 5527 [ClusterClient:Watcher] follower closed, and try to init it again
2020-04-28 09:45:02,267 WARN 5527 [ClusterClient:Watcher] follower closed, and try to init it again
2020-04-28 11:19:29,252 INFO 27862 [egg:logger] init all loggers with options: {"dir":"/Users/wanjianxin/xiaowan/graduation_project/english-pratice-server/logs/example-simple","encoding":"utf8","env":"local","level":"INFO","consoleLevel":"INFO","disableConsoleAfterReady":false,"outputJSON":false,"buffer":true,"appLogName":"example-simple-web.log","coreLogName":"egg-web.log","agentLogName":"egg-agent.log","errorLogName":"common-error.log","coreLogger":{"consoleLevel":"WARN"},"allowDebugAtProd":false,"type":"application"}
2020-04-28 11:19:29,280 INFO 27862 [egg-multipart] stream mode enable
2020-04-28 11:19:29,280 INFO 27862 [egg-mysql] connecting root@139.199.104.60:3306/english-practice
2020-04-28 11:19:29,444 INFO 27862 [egg-static] starting static serve /public/ -> /Users/wanjianxin/xiaowan/graduation_project/english-pratice-server/app/public
2020-04-28 11:19:29,447 INFO 27862 [egg-security] use methodnoallow middleware
2020-04-28 11:19:29,448 INFO 27862 [egg-security] use noopen middleware
2020-04-28 11:19:29,449 INFO 27862 [egg-security] use nosniff middleware
2020-04-28 11:19:29,449 INFO 27862 [egg-security] use xssProtection middleware
2020-04-28 11:19:29,454 INFO 27862 [egg-security] use xframe middleware
2020-04-28 11:19:29,454 INFO 27862 [egg-security] use dta middleware
2020-04-28 11:19:29,454 INFO 27862 [egg-security] compose 6 middlewares into one security middleware
2020-04-28 11:19:29,479 INFO 27862 [egg:core] dump config after load, 7ms
2020-04-28 11:19:29,497 INFO 27862 [egg-watcher:application] watcher start success
2020-04-28 11:19:29,655 INFO 27862 [egg-mysql] instance[0] status OK, rds currentTime: Tue Apr 28 2020 11:19:29 GMT+0800 (GMT+08:00)
2020-04-28 11:19:29,663 INFO 27862 [egg:core] dump config after ready, 6ms
2020-04-28 13:41:00,981 WARN 27862 [ClusterClient:Watcher] follower closed, and try to init it again
2020-04-28 15:03:00,410 WARN 27862 [ClusterClient:Watcher] follower closed, and try to init it again
2020-04-28 20:34:04,830 WARN 27862 [ClusterClient:Watcher] follower closed, and try to init it again
2020-04-28 21:07:42,950 WARN 27862 [ClusterClient:Watcher] follower closed, and try to init it again
2020-04-28 22:01:07,063 WARN 27862 [ClusterClient:Watcher] follower closed, and try to init it again
2020-04-29 10:05:40,478 WARN 27862 [ClusterClient:Watcher] follower closed, and try to init it again
2020-04-29 10:57:10,759 WARN 27862 [ClusterClient:Watcher] follower closed, and try to init it again
2020-04-29 11:30:00,248 WARN 27862 [ClusterClient:Watcher] follower closed, and try to init it again
2020-04-29 12:59:41,613 WARN 27862 [ClusterClient:Watcher] follower closed, and try to init it again
2020-04-29 15:00:40,359 WARN 27862 [ClusterClient:Watcher] follower closed, and try to init it again
2020-04-29 15:24:49,987 WARN 27862 [ClusterClient:Watcher] follower closed, and try to init it again
2020-05-06 20:16:31,732 INFO 2350 [egg:logger] init all loggers with options: {"dir":"/Users/wanjianxin/xiaowan/graduation_project/english-pratice-server/logs/example-simple","encoding":"utf8","env":"local","level":"INFO","consoleLevel":"INFO","disableConsoleAfterReady":false,"outputJSON":false,"buffer":true,"appLogName":"example-simple-web.log","coreLogName":"egg-web.log","agentLogName":"egg-agent.log","errorLogName":"common-error.log","coreLogger":{"consoleLevel":"WARN"},"allowDebugAtProd":false,"type":"application"}
2020-05-06 20:16:31,757 INFO 2350 [egg-multipart] stream mode enable
2020-05-06 20:16:31,758 INFO 2350 [egg-mysql] connecting root@139.199.104.60:3306/english-practice
2020-05-06 20:16:31,869 INFO 2350 [egg-static] starting static serve /public/ -> /Users/wanjianxin/xiaowan/graduation_project/english-pratice-server/app/public
2020-05-06 20:16:31,871 INFO 2350 [egg-security] use methodnoallow middleware
2020-05-06 20:16:31,871 INFO 2350 [egg-security] use noopen middleware
2020-05-06 20:16:31,872 INFO 2350 [egg-security] use nosniff middleware
2020-05-06 20:16:31,873 INFO 2350 [egg-security] use xssProtection middleware
2020-05-06 20:16:31,873 INFO 2350 [egg-security] use xframe middleware
2020-05-06 20:16:31,875 INFO 2350 [egg-security] use dta middleware
2020-05-06 20:16:31,875 INFO 2350 [egg-security] compose 6 middlewares into one security middleware
2020-05-06 20:16:31,888 INFO 2350 [egg:core] dump config after load, 5ms
2020-05-06 20:16:31,904 INFO 2350 [egg-watcher:application] watcher start success
2020-05-06 20:16:32,184 INFO 2350 [egg-mysql] instance[0] status OK, rds currentTime: Wed May 06 2020 20:16:32 GMT+0800 (GMT+08:00)
2020-05-06 20:16:32,193 INFO 2350 [egg:core] dump config after ready, 6ms
2020-05-06 20:22:59,222 WARN 2350 [ClusterClient:Watcher] follower closed, and try to init it again
2020-05-06 20:30:08,428 WARN 2350 [ClusterClient:Watcher] follower closed, and try to init it again
2020-05-06 20:48:39,269 WARN 2350 [ClusterClient:Watcher] follower closed, and try to init it again
2020-05-06 20:57:41,890 WARN 2350 [TCPBase] socket is closed by other side while there were still unhandled data in the socket buffer
2020-05-06 20:57:41,891 WARN 2350 [ClusterClient:Watcher] follower closed, and try to init it again
2020-05-06 21:13:26,001 WARN 2350 [TCPBase] socket is closed by other side while there were still unhandled data in the socket buffer
2020-05-06 21:13:26,002 WARN 2350 [ClusterClient:Watcher] follower closed, and try to init it again
2020-05-06 21:27:44,544 WARN 2350 [TCPBase] socket is closed by other side while there were still unhandled data in the socket buffer
2020-05-06 21:27:44,544 WARN 2350 [ClusterClient:Watcher] follower closed, and try to init it again
2020-05-07 00:17:58,196 INFO 10139 [egg:logger] init all loggers with options: {"dir":"/Users/wanjianxin/xiaowan/graduation_project/english-pratice-server/logs/example-simple","encoding":"utf8","env":"local","level":"INFO","consoleLevel":"INFO","disableConsoleAfterReady":false,"outputJSON":false,"buffer":true,"appLogName":"example-simple-web.log","coreLogName":"egg-web.log","agentLogName":"egg-agent.log","errorLogName":"common-error.log","coreLogger":{"consoleLevel":"WARN"},"allowDebugAtProd":false,"type":"application"}
2020-05-07 00:17:58,223 INFO 10139 [egg-multipart] stream mode enable
2020-05-07 00:17:58,223 INFO 10139 [egg-mysql] connecting root@139.199.104.60:3306/english-practice
2020-05-07 00:17:58,354 INFO 10139 [egg-static] starting static serve /public/ -> /Users/wanjianxin/xiaowan/graduation_project/english-pratice-server/app/public
2020-05-07 00:17:58,356 INFO 10139 [egg-security] use methodnoallow middleware
2020-05-07 00:17:58,357 INFO 10139 [egg-security] use noopen middleware
2020-05-07 00:17:58,357 INFO 10139 [egg-security] use nosniff middleware
2020-05-07 00:17:58,358 INFO 10139 [egg-security] use xssProtection middleware
2020-05-07 00:17:58,358 INFO 10139 [egg-security] use xframe middleware
2020-05-07 00:17:58,360 INFO 10139 [egg-security] use dta middleware
2020-05-07 00:17:58,360 INFO 10139 [egg-security] compose 6 middlewares into one security middleware
2020-05-07 00:17:58,374 INFO 10139 [egg:core] dump config after load, 6ms
2020-05-07 00:17:58,386 INFO 10139 [egg-watcher:application] watcher start success
2020-05-07 00:17:58,643 INFO 10139 [egg-mysql] instance[0] status OK, rds currentTime: Thu May 07 2020 00:17:58 GMT+0800 (GMT+08:00)
2020-05-07 00:17:58,651 INFO 10139 [egg:core] dump config after ready, 6ms
2020-05-07 00:18:05,197 INFO 10163 [egg:logger] init all loggers with options: {"dir":"/Users/wanjianxin/xiaowan/graduation_project/english-pratice-server/logs/example-simple","encoding":"utf8","env":"local","level":"INFO","consoleLevel":"INFO","disableConsoleAfterReady":false,"outputJSON":false,"buffer":true,"appLogName":"example-simple-web.log","coreLogName":"egg-web.log","agentLogName":"egg-agent.log","errorLogName":"common-error.log","coreLogger":{"consoleLevel":"WARN"},"allowDebugAtProd":false,"type":"application"}
2020-05-07 00:18:05,227 INFO 10163 [egg-multipart] stream mode enable
2020-05-07 00:18:05,228 INFO 10163 [egg-mysql] connecting root@139.199.104.60:3306/english-practice
2020-05-07 00:18:05,326 INFO 10163 [egg-static] starting static serve /public/ -> /Users/wanjianxin/xiaowan/graduation_project/english-pratice-server/app/public
2020-05-07 00:18:05,328 INFO 10163 [egg-security] use methodnoallow middleware
2020-05-07 00:18:05,328 INFO 10163 [egg-security] use noopen middleware
2020-05-07 00:18:05,330 INFO 10163 [egg-security] use nosniff middleware
2020-05-07 00:18:05,330 INFO 10163 [egg-security] use xssProtection middleware
2020-05-07 00:18:05,331 INFO 10163 [egg-security] use xframe middleware
2020-05-07 00:18:05,333 INFO 10163 [egg-security] use dta middleware
2020-05-07 00:18:05,333 INFO 10163 [egg-security] compose 6 middlewares into one security middleware
2020-05-07 00:18:05,346 INFO 10163 [egg:core] dump config after load, 5ms
2020-05-07 00:18:05,359 INFO 10163 [egg-watcher:application] watcher start success
2020-05-07 00:18:05,623 INFO 10163 [egg-mysql] instance[0] status OK, rds currentTime: Thu May 07 2020 00:18:05 GMT+0800 (GMT+08:00)
2020-05-07 00:18:05,631 INFO 10163 [egg:core] dump config after ready, 5ms
2020-05-07 00:18:08,689 INFO 10166 [egg:logger] init all loggers with options: {"dir":"/Users/wanjianxin/xiaowan/graduation_project/english-pratice-server/logs/example-simple","encoding":"utf8","env":"local","level":"INFO","consoleLevel":"INFO","disableConsoleAfterReady":false,"outputJSON":false,"buffer":true,"appLogName":"example-simple-web.log","coreLogName":"egg-web.log","agentLogName":"egg-agent.log","errorLogName":"common-error.log","coreLogger":{"consoleLevel":"WARN"},"allowDebugAtProd":false,"type":"application"}
2020-05-07 00:18:08,721 INFO 10166 [egg-multipart] stream mode enable
2020-05-07 00:18:08,722 INFO 10166 [egg-mysql] connecting root@139.199.104.60:3306/english-practice
2020-05-07 00:18:08,842 INFO 10166 [egg-static] starting static serve /public/ -> /Users/wanjianxin/xiaowan/graduation_project/english-pratice-server/app/public
2020-05-07 00:18:08,844 INFO 10166 [egg-security] use methodnoallow middleware
2020-05-07 00:18:08,845 INFO 10166 [egg-security] use noopen middleware
2020-05-07 00:18:08,847 INFO 10166 [egg-security] use nosniff middleware
2020-05-07 00:18:08,847 INFO 10166 [egg-security] use xssProtection middleware
2020-05-07 00:18:08,848 INFO 10166 [egg-security] use xframe middleware
2020-05-07 00:18:08,849 INFO 10166 [egg-security] use dta middleware
2020-05-07 00:18:08,849 INFO 10166 [egg-security] compose 6 middlewares into one security middleware
2020-05-07 00:18:08,862 INFO 10166 [egg:core] dump config after load, 4ms
2020-05-07 00:18:08,874 INFO 10166 [egg-watcher:application] watcher start success
2020-05-07 00:18:09,122 INFO 10166 [egg-mysql] instance[0] status OK, rds currentTime: Thu May 07 2020 00:18:09 GMT+0800 (GMT+08:00)
2020-05-07 00:18:09,130 INFO 10166 [egg:core] dump config after ready, 6ms
2020-05-07 00:18:21,065 INFO 10191 [egg:logger] init all loggers with options: {"dir":"/Users/wanjianxin/xiaowan/graduation_project/english-pratice-server/logs/example-simple","encoding":"utf8","env":"local","level":"INFO","consoleLevel":"INFO","disableConsoleAfterReady":false,"outputJSON":false,"buffer":true,"appLogName":"example-simple-web.log","coreLogName":"egg-web.log","agentLogName":"egg-agent.log","errorLogName":"common-error.log","coreLogger":{"consoleLevel":"WARN"},"allowDebugAtProd":false,"type":"application"}
2020-05-07 00:18:21,095 INFO 10191 [egg-multipart] stream mode enable
2020-05-07 00:18:21,096 INFO 10191 [egg-mysql] connecting root@139.199.104.60:3306/english-practice
2020-05-07 00:18:21,192 INFO 10191 [egg-static] starting static serve /public/ -> /Users/wanjianxin/xiaowan/graduation_project/english-pratice-server/app/public
2020-05-07 00:18:21,194 INFO 10191 [egg-security] use methodnoallow middleware
2020-05-07 00:18:21,195 INFO 10191 [egg-security] use noopen middleware
2020-05-07 00:18:21,197 INFO 10191 [egg-security] use nosniff middleware
2020-05-07 00:18:21,197 INFO 10191 [egg-security] use xssProtection middleware
2020-05-07 00:18:21,197 INFO 10191 [egg-security] use xframe middleware
2020-05-07 00:18:21,199 INFO 10191 [egg-security] use dta middleware
2020-05-07 00:18:21,199 INFO 10191 [egg-security] compose 6 middlewares into one security middleware
2020-05-07 00:18:21,212 INFO 10191 [egg:core] dump config after load, 5ms
2020-05-07 00:18:21,223 INFO 10191 [egg-watcher:application] watcher start success
2020-05-07 00:18:21,465 INFO 10191 [egg-mysql] instance[0] status OK, rds currentTime: Thu May 07 2020 00:18:21 GMT+0800 (GMT+08:00)
2020-05-07 00:18:21,472 INFO 10191 [egg:core] dump config after ready, 5ms
2020-05-07 00:18:22,305 INFO 10198 [egg:logger] init all loggers with options: {"dir":"/Users/wanjianxin/xiaowan/graduation_project/english-pratice-server/logs/example-simple","encoding":"utf8","env":"local","level":"INFO","consoleLevel":"INFO","disableConsoleAfterReady":false,"outputJSON":false,"buffer":true,"appLogName":"example-simple-web.log","coreLogName":"egg-web.log","agentLogName":"egg-agent.log","errorLogName":"common-error.log","coreLogger":{"consoleLevel":"WARN"},"allowDebugAtProd":false,"type":"application"}
2020-05-07 00:18:22,337 INFO 10198 [egg-multipart] stream mode enable
2020-05-07 00:18:22,338 INFO 10198 [egg-mysql] connecting root@139.199.104.60:3306/english-practice
2020-05-07 00:18:22,452 INFO 10198 [egg-static] starting static serve /public/ -> /Users/wanjianxin/xiaowan/graduation_project/english-pratice-server/app/public
2020-05-07 00:18:22,454 INFO 10198 [egg-security] use methodnoallow middleware
2020-05-07 00:18:22,454 INFO 10198 [egg-security] use noopen middleware
2020-05-07 00:18:22,455 INFO 10198 [egg-security] use nosniff middleware
2020-05-07 00:18:22,455 INFO 10198 [egg-security] use xssProtection middleware
2020-05-07 00:18:22,456 INFO 10198 [egg-security] use xframe middleware
2020-05-07 00:18:22,463 INFO 10198 [egg-security] use dta middleware
2020-05-07 00:18:22,463 INFO 10198 [egg-security] compose 6 middlewares into one security middleware
2020-05-07 00:18:22,477 INFO 10198 [egg:core] dump config after load, 6ms
2020-05-07 00:18:22,491 INFO 10198 [egg-watcher:application] watcher start success
2020-05-07 00:18:22,778 INFO 10198 [egg-mysql] instance[0] status OK, rds currentTime: Thu May 07 2020 00:18:22 GMT+0800 (GMT+08:00)
2020-05-07 00:18:22,786 INFO 10198 [egg:core] dump config after ready, 6ms
2020-05-07 00:18:52,394 INFO 10220 [egg:logger] init all loggers with options: {"dir":"/Users/wanjianxin/xiaowan/graduation_project/english-pratice-server/logs/example-simple","encoding":"utf8","env":"local","level":"INFO","consoleLevel":"INFO","disableConsoleAfterReady":false,"outputJSON":false,"buffer":true,"appLogName":"example-simple-web.log","coreLogName":"egg-web.log","agentLogName":"egg-agent.log","errorLogName":"common-error.log","coreLogger":{"consoleLevel":"WARN"},"allowDebugAtProd":false,"type":"application"}
2020-05-07 00:18:52,425 INFO 10220 [egg-multipart] stream mode enable
2020-05-07 00:18:52,426 INFO 10220 [egg-mysql] connecting root@139.199.104.60:3306/english-practice
2020-05-07 00:18:52,516 INFO 10220 [egg-static] starting static serve /public/ -> /Users/wanjianxin/xiaowan/graduation_project/english-pratice-server/app/public
2020-05-07 00:18:52,518 INFO 10220 [egg-security] use methodnoallow middleware
2020-05-07 00:18:52,519 INFO 10220 [egg-security] use noopen middleware
2020-05-07 00:18:52,519 INFO 10220 [egg-security] use nosniff middleware
2020-05-07 00:18:52,520 INFO 10220 [egg-security] use xssProtection middleware
2020-05-07 00:18:52,520 INFO 10220 [egg-security] use xframe middleware
2020-05-07 00:18:52,522 INFO 10220 [egg-security] use dta middleware
2020-05-07 00:18:52,522 INFO 10220 [egg-security] compose 6 middlewares into one security middleware
2020-05-07 00:18:52,535 INFO 10220 [egg:core] dump config after load, 5ms
2020-05-07 00:18:52,549 INFO 10220 [egg-watcher:application] watcher start success
2020-05-07 00:18:52,816 INFO 10220 [egg-mysql] instance[0] status OK, rds currentTime: Thu May 07 2020 00:18:52 GMT+0800 (GMT+08:00)
2020-05-07 00:18:52,824 INFO 10220 [egg:core] dump config after ready, 6ms
2020-05-07 00:19:09,476 INFO 10248 [egg:logger] init all loggers with options: {"dir":"/Users/wanjianxin/xiaowan/graduation_project/english-pratice-server/logs/example-simple","encoding":"utf8","env":"local","level":"INFO","consoleLevel":"INFO","disableConsoleAfterReady":false,"outputJSON":false,"buffer":true,"appLogName":"example-simple-web.log","coreLogName":"egg-web.log","agentLogName":"egg-agent.log","errorLogName":"common-error.log","coreLogger":{"consoleLevel":"WARN"},"allowDebugAtProd":false,"type":"application"}
2020-05-07 00:19:09,510 INFO 10248 [egg-multipart] stream mode enable
2020-05-07 00:19:09,510 INFO 10248 [egg-mysql] connecting root@139.199.104.60:3306/english-practice
2020-05-07 00:19:09,598 INFO 10248 [egg-static] starting static serve /public/ -> /Users/wanjianxin/xiaowan/graduation_project/english-pratice-server/app/public
2020-05-07 00:19:09,600 INFO 10248 [egg-security] use methodnoallow middleware
2020-05-07 00:19:09,601 INFO 10248 [egg-security] use noopen middleware
2020-05-07 00:19:09,601 INFO 10248 [egg-security] use nosniff middleware
2020-05-07 00:19:09,601 INFO 10248 [egg-security] use xssProtection middleware
2020-05-07 00:19:09,602 INFO 10248 [egg-security] use xframe middleware
2020-05-07 00:19:09,604 INFO 10248 [egg-security] use dta middleware
2020-05-07 00:19:09,604 INFO 10248 [egg-security] compose 6 middlewares into one security middleware
2020-05-07 00:19:09,618 INFO 10248 [egg:core] dump config after load, 5ms
2020-05-07 00:19:09,630 INFO 10248 [egg-watcher:application] watcher start success
2020-05-07 00:19:09,914 INFO 10248 [egg-mysql] instance[0] status OK, rds currentTime: Thu May 07 2020 00:19:09 GMT+0800 (GMT+08:00)
2020-05-07 00:19:09,921 INFO 10248 [egg:core] dump config after ready, 5ms
2020-05-07 00:19:15,685 INFO 10264 [egg:logger] init all loggers with options: {"dir":"/Users/wanjianxin/xiaowan/graduation_project/english-pratice-server/logs/example-simple","encoding":"utf8","env":"local","level":"INFO","consoleLevel":"INFO","disableConsoleAfterReady":false,"outputJSON":false,"buffer":true,"appLogName":"example-simple-web.log","coreLogName":"egg-web.log","agentLogName":"egg-agent.log","errorLogName":"common-error.log","coreLogger":{"consoleLevel":"WARN"},"allowDebugAtProd":false,"type":"application"}
2020-05-07 00:19:15,719 INFO 10264 [egg-multipart] stream mode enable
2020-05-07 00:19:15,719 INFO 10264 [egg-mysql] connecting root@139.199.104.60:3306/english-practice
2020-05-07 00:19:15,846 INFO 10264 [egg-static] starting static serve /public/ -> /Users/wanjianxin/xiaowan/graduation_project/english-pratice-server/app/public
2020-05-07 00:19:15,851 INFO 10264 [egg-security] use methodnoallow middleware
2020-05-07 00:19:15,855 INFO 10264 [egg-security] use noopen middleware
2020-05-07 00:19:15,856 INFO 10264 [egg-security] use nosniff middleware
2020-05-07 00:19:15,857 INFO 10264 [egg-security] use xssProtection middleware
2020-05-07 00:19:15,857 INFO 10264 [egg-security] use xframe middleware
2020-05-07 00:19:15,859 INFO 10264 [egg-security] use dta middleware
2020-05-07 00:19:15,859 INFO 10264 [egg-security] compose 6 middlewares into one security middleware
2020-05-07 00:19:15,875 INFO 10264 [egg:core] dump config after load, 5ms
2020-05-07 00:19:15,889 INFO 10264 [egg-watcher:application] watcher start success
2020-05-07 00:19:16,187 INFO 10264 [egg-mysql] instance[0] status OK, rds currentTime: Thu May 07 2020 00:19:16 GMT+0800 (GMT+08:00)
2020-05-07 00:19:16,194 INFO 10264 [egg:core] dump config after ready, 5ms
2020-05-07 00:20:02,224 INFO 10313 [egg:logger] init all loggers with options: {"dir":"/Users/wanjianxin/xiaowan/graduation_project/english-pratice-server/logs/example-simple","encoding":"utf8","env":"local","level":"INFO","consoleLevel":"INFO","disableConsoleAfterReady":false,"outputJSON":false,"buffer":true,"appLogName":"example-simple-web.log","coreLogName":"egg-web.log","agentLogName":"egg-agent.log","errorLogName":"common-error.log","coreLogger":{"consoleLevel":"WARN"},"allowDebugAtProd":false,"type":"application"}
2020-05-07 00:20:02,250 INFO 10313 [egg-multipart] stream mode enable
2020-05-07 00:20:02,250 INFO 10313 [egg-mysql] connecting root@139.199.104.60:3306/english-practice
2020-05-07 00:20:02,337 INFO 10313 [egg-static] starting static serve /public/ -> /Users/wanjianxin/xiaowan/graduation_project/english-pratice-server/app/public
2020-05-07 00:20:02,338 INFO 10313 [egg-security] use methodnoallow middleware
2020-05-07 00:20:02,339 INFO 10313 [egg-security] use noopen middleware
2020-05-07 00:20:02,339 INFO 10313 [egg-security] use nosniff middleware
2020-05-07 00:20:02,340 INFO 10313 [egg-security] use xssProtection middleware
2020-05-07 00:20:02,340 INFO 10313 [egg-security] use xframe middleware
2020-05-07 00:20:02,342 INFO 10313 [egg-security] use dta middleware
2020-05-07 00:20:02,342 INFO 10313 [egg-security] compose 6 middlewares into one security middleware
2020-05-07 00:20:02,354 INFO 10313 [egg:core] dump config after load, 4ms
2020-05-07 00:20:02,365 INFO 10313 [egg-watcher:application] watcher start success
2020-05-07 00:20:02,626 INFO 10313 [egg-mysql] instance[0] status OK, rds currentTime: Thu May 07 2020 00:20:02 GMT+0800 (GMT+08:00)
2020-05-07 00:20:02,634 INFO 10313 [egg:core] dump config after ready, 6ms
2020-05-07 00:20:11,661 INFO 10336 [egg:logger] init all loggers with options: {"dir":"/Users/wanjianxin/xiaowan/graduation_project/english-pratice-server/logs/example-simple","encoding":"utf8","env":"local","level":"INFO","consoleLevel":"INFO","disableConsoleAfterReady":false,"outputJSON":false,"buffer":true,"appLogName":"example-simple-web.log","coreLogName":"egg-web.log","agentLogName":"egg-agent.log","errorLogName":"common-error.log","coreLogger":{"consoleLevel":"WARN"},"allowDebugAtProd":false,"type":"application"}
2020-05-07 00:20:11,691 INFO 10336 [egg-multipart] stream mode enable
2020-05-07 00:20:11,691 INFO 10336 [egg-mysql] connecting root@139.199.104.60:3306/english-practice
2020-05-07 00:20:11,795 INFO 10336 [egg-static] starting static serve /public/ -> /Users/wanjianxin/xiaowan/graduation_project/english-pratice-server/app/public
2020-05-07 00:20:11,797 INFO 10336 [egg-security] use methodnoallow middleware
2020-05-07 00:20:11,797 INFO 10336 [egg-security] use noopen middleware
2020-05-07 00:20:11,798 INFO 10336 [egg-security] use nosniff middleware
2020-05-07 00:20:11,798 INFO 10336 [egg-security] use xssProtection middleware
2020-05-07 00:20:11,799 INFO 10336 [egg-security] use xframe middleware
2020-05-07 00:20:11,800 INFO 10336 [egg-security] use dta middleware
2020-05-07 00:20:11,801 INFO 10336 [egg-security] compose 6 middlewares into one security middleware
2020-05-07 00:20:11,812 INFO 10336 [egg:core] dump config after load, 4ms
2020-05-07 00:20:11,823 INFO 10336 [egg-watcher:application] watcher start success
2020-05-07 00:20:12,072 INFO 10336 [egg-mysql] instance[0] status OK, rds currentTime: Thu May 07 2020 00:20:12 GMT+0800 (GMT+08:00)
2020-05-07 00:20:12,080 INFO 10336 [egg:core] dump config after ready, 6ms
2020-05-07 00:20:20,361 INFO 10359 [egg:logger] init all loggers with options: {"dir":"/Users/wanjianxin/xiaowan/graduation_project/english-pratice-server/logs/example-simple","encoding":"utf8","env":"local","level":"INFO","consoleLevel":"INFO","disableConsoleAfterReady":false,"outputJSON":false,"buffer":true,"appLogName":"example-simple-web.log","coreLogName":"egg-web.log","agentLogName":"egg-agent.log","errorLogName":"common-error.log","coreLogger":{"consoleLevel":"WARN"},"allowDebugAtProd":false,"type":"application"}
2020-05-07 00:20:20,387 INFO 10359 [egg-multipart] stream mode enable
2020-05-07 00:20:20,388 INFO 10359 [egg-mysql] connecting root@139.199.104.60:3306/english-practice
2020-05-07 00:20:20,486 INFO 10359 [egg-static] starting static serve /public/ -> /Users/wanjianxin/xiaowan/graduation_project/english-pratice-server/app/public
2020-05-07 00:20:20,489 INFO 10359 [egg-security] use methodnoallow middleware
2020-05-07 00:20:20,489 INFO 10359 [egg-security] use noopen middleware
2020-05-07 00:20:20,491 INFO 10359 [egg-security] use nosniff middleware
2020-05-07 00:20:20,492 INFO 10359 [egg-security] use xssProtection middleware
2020-05-07 00:20:20,492 INFO 10359 [egg-security] use xframe middleware
2020-05-07 00:20:20,494 INFO 10359 [egg-security] use dta middleware
2020-05-07 00:20:20,494 INFO 10359 [egg-security] compose 6 middlewares into one security middleware
2020-05-07 00:20:20,513 INFO 10359 [egg:core] dump config after load, 5ms
2020-05-07 00:20:20,528 INFO 10359 [egg-watcher:application] watcher start success
2020-05-07 00:20:20,768 INFO 10359 [egg-mysql] instance[0] status OK, rds currentTime: Thu May 07 2020 00:20:20 GMT+0800 (GMT+08:00)
2020-05-07 00:20:20,776 INFO 10359 [egg:core] dump config after ready, 6ms
2020-05-07 00:20:23,885 INFO 10369 [egg:logger] init all loggers with options: {"dir":"/Users/wanjianxin/xiaowan/graduation_project/english-pratice-server/logs/example-simple","encoding":"utf8","env":"local","level":"INFO","consoleLevel":"INFO","disableConsoleAfterReady":false,"outputJSON":false,"buffer":true,"appLogName":"example-simple-web.log","coreLogName":"egg-web.log","agentLogName":"egg-agent.log","errorLogName":"common-error.log","coreLogger":{"consoleLevel":"WARN"},"allowDebugAtProd":false,"type":"application"}
2020-05-07 00:20:23,911 INFO 10369 [egg-multipart] stream mode enable
2020-05-07 00:20:23,912 INFO 10369 [egg-mysql] connecting root@139.199.104.60:3306/english-practice
2020-05-07 00:20:24,007 INFO 10369 [egg-static] starting static serve /public/ -> /Users/wanjianxin/xiaowan/graduation_project/english-pratice-server/app/public
2020-05-07 00:20:24,009 INFO 10369 [egg-security] use methodnoallow middleware
2020-05-07 00:20:24,009 INFO 10369 [egg-security] use noopen middleware
2020-05-07 00:20:24,009 INFO 10369 [egg-security] use nosniff middleware
2020-05-07 00:20:24,010 INFO 10369 [egg-security] use xssProtection middleware
2020-05-07 00:20:24,010 INFO 10369 [egg-security] use xframe middleware
2020-05-07 00:20:24,012 INFO 10369 [egg-security] use dta middleware
2020-05-07 00:20:24,012 INFO 10369 [egg-security] compose 6 middlewares into one security middleware
2020-05-07 00:20:24,025 INFO 10369 [egg:core] dump config after load, 5ms
2020-05-07 00:20:24,037 INFO 10369 [egg-watcher:application] watcher start success
2020-05-07 00:20:24,289 INFO 10369 [egg-mysql] instance[0] status OK, rds currentTime: Thu May 07 2020 00:20:24 GMT+0800 (GMT+08:00)
2020-05-07 00:20:24,296 INFO 10369 [egg:core] dump config after ready, 5ms
2020-05-07 00:20:43,883 INFO 10395 [egg:logger] init all loggers with options: {"dir":"/Users/wanjianxin/xiaowan/graduation_project/english-pratice-server/logs/example-simple","encoding":"utf8","env":"local","level":"INFO","consoleLevel":"INFO","disableConsoleAfterReady":false,"outputJSON":false,"buffer":true,"appLogName":"example-simple-web.log","coreLogName":"egg-web.log","agentLogName":"egg-agent.log","errorLogName":"common-error.log","coreLogger":{"consoleLevel":"WARN"},"allowDebugAtProd":false,"type":"application"}
2020-05-07 00:20:43,924 INFO 10395 [egg-multipart] stream mode enable
2020-05-07 00:20:43,925 INFO 10395 [egg-mysql] connecting root@139.199.104.60:3306/english-practice
2020-05-07 00:20:44,087 INFO 10395 [egg-static] starting static serve /public/ -> /Users/wanjianxin/xiaowan/graduation_project/english-pratice-server/app/public
2020-05-07 00:20:44,094 INFO 10395 [egg-security] use methodnoallow middleware
2020-05-07 00:20:44,095 INFO 10395 [egg-security] use noopen middleware
2020-05-07 00:20:44,096 INFO 10395 [egg-security] use nosniff middleware
2020-05-07 00:20:44,096 INFO 10395 [egg-security] use xssProtection middleware
2020-05-07 00:20:44,096 INFO 10395 [egg-security] use xframe middleware
2020-05-07 00:20:44,099 INFO 10395 [egg-security] use dta middleware
2020-05-07 00:20:44,099 INFO 10395 [egg-security] compose 6 middlewares into one security middleware
2020-05-07 00:20:44,115 INFO 10395 [egg:core] dump config after load, 6ms
2020-05-07 00:20:44,127 INFO 10395 [egg-watcher:application] watcher start success
2020-05-07 00:20:44,399 INFO 10395 [egg-mysql] instance[0] status OK, rds currentTime: Thu May 07 2020 00:20:44 GMT+0800 (GMT+08:00)
2020-05-07 00:20:44,407 INFO 10395 [egg:core] dump config after ready, 6ms
2020-05-07 00:20:47,542 INFO 10405 [egg:logger] init all loggers with options: {"dir":"/Users/wanjianxin/xiaowan/graduation_project/english-pratice-server/logs/example-simple","encoding":"utf8","env":"local","level":"INFO","consoleLevel":"INFO","disableConsoleAfterReady":false,"outputJSON":false,"buffer":true,"appLogName":"example-simple-web.log","coreLogName":"egg-web.log","agentLogName":"egg-agent.log","errorLogName":"common-error.log","coreLogger":{"consoleLevel":"WARN"},"allowDebugAtProd":false,"type":"application"}
2020-05-07 00:20:47,567 INFO 10405 [egg-multipart] stream mode enable
2020-05-07 00:20:47,567 INFO 10405 [egg-mysql] connecting root@139.199.104.60:3306/english-practice
2020-05-07 00:20:47,654 INFO 10405 [egg-static] starting static serve /public/ -> /Users/wanjianxin/xiaowan/graduation_project/english-pratice-server/app/public
2020-05-07 00:20:47,656 INFO 10405 [egg-security] use methodnoallow middleware
2020-05-07 00:20:47,656 INFO 10405 [egg-security] use noopen middleware
2020-05-07 00:20:47,657 INFO 10405 [egg-security] use nosniff middleware
2020-05-07 00:20:47,657 INFO 10405 [egg-security] use xssProtection middleware
2020-05-07 00:20:47,658 INFO 10405 [egg-security] use xframe middleware
2020-05-07 00:20:47,660 INFO 10405 [egg-security] use dta middleware
2020-05-07 00:20:47,660 INFO 10405 [egg-security] compose 6 middlewares into one security middleware
2020-05-07 00:20:47,672 INFO 10405 [egg:core] dump config after load, 5ms
2020-05-07 00:20:47,684 INFO 10405 [egg-watcher:application] watcher start success
2020-05-07 00:20:48,007 INFO 10405 [egg-mysql] instance[0] status OK, rds currentTime: Thu May 07 2020 00:20:47 GMT+0800 (GMT+08:00)
2020-05-07 00:20:48,015 INFO 10405 [egg:core] dump config after ready, 6ms
