2020-04-21 12:26:03,789 INFO 13037 [egg-schedule]: register schedule /Users/wanjianxin/xiaowan/graduation_project/english-pratice-server/node_modules/egg-multipart/app/schedule/clean_tmpdir.js
2020-04-21 12:26:03,789 INFO 13037 [egg-schedule]: register schedule /Users/wanjianxin/xiaowan/graduation_project/english-pratice-server/node_modules/egg-logrotator/app/schedule/clean_log.js
2020-04-21 12:26:03,789 INFO 13037 [egg-schedule]: register schedule /Users/wanjianxin/xiaowan/graduation_project/english-pratice-server/node_modules/egg-logrotator/app/schedule/rotate_by_file.js
2020-04-21 12:26:04,130 INFO 13036 [Timer] /Users/wanjianxin/xiaowan/graduation_project/english-pratice-server/node_modules/egg-multipart/app/schedule/clean_tmpdir.js next time will execute after 57835873ms at 2020-04-22 04:30:00.003
2020-04-21 12:26:04,130 INFO 13036 [Timer] /Users/wanjianxin/xiaowan/graduation_project/english-pratice-server/node_modules/egg-logrotator/app/schedule/clean_log.js next time will execute after 41635870ms at 2020-04-22 00:00:00.000
2020-04-21 12:26:04,130 INFO 13036 [Timer] /Users/wanjianxin/xiaowan/graduation_project/english-pratice-server/node_modules/egg-logrotator/app/schedule/rotate_by_file.js next time will execute after 41636870ms at 2020-04-22 00:00:01.000
2020-04-21 12:29:34,532 INFO 13322 [egg-schedule]: register schedule /Users/wanjianxin/xiaowan/graduation_project/english-pratice-server/node_modules/egg-multipart/app/schedule/clean_tmpdir.js
2020-04-21 12:29:34,532 INFO 13322 [egg-schedule]: register schedule /Users/wanjianxin/xiaowan/graduation_project/english-pratice-server/node_modules/egg-logrotator/app/schedule/clean_log.js
2020-04-21 12:29:34,532 INFO 13322 [egg-schedule]: register schedule /Users/wanjianxin/xiaowan/graduation_project/english-pratice-server/node_modules/egg-logrotator/app/schedule/rotate_by_file.js
2020-04-21 12:29:36,787 INFO 13331 [egg-schedule]: register schedule /Users/wanjianxin/xiaowan/graduation_project/english-pratice-server/node_modules/egg-multipart/app/schedule/clean_tmpdir.js
2020-04-21 12:29:36,787 INFO 13331 [egg-schedule]: register schedule /Users/wanjianxin/xiaowan/graduation_project/english-pratice-server/node_modules/egg-logrotator/app/schedule/clean_log.js
2020-04-21 12:29:36,787 INFO 13331 [egg-schedule]: register schedule /Users/wanjianxin/xiaowan/graduation_project/english-pratice-server/node_modules/egg-logrotator/app/schedule/rotate_by_file.js
2020-04-21 12:29:37,920 INFO 13332 [egg-schedule]: register schedule /Users/wanjianxin/xiaowan/graduation_project/english-pratice-server/node_modules/egg-multipart/app/schedule/clean_tmpdir.js
2020-04-21 12:29:37,920 INFO 13332 [egg-schedule]: register schedule /Users/wanjianxin/xiaowan/graduation_project/english-pratice-server/node_modules/egg-logrotator/app/schedule/clean_log.js
2020-04-21 12:29:37,920 INFO 13332 [egg-schedule]: register schedule /Users/wanjianxin/xiaowan/graduation_project/english-pratice-server/node_modules/egg-logrotator/app/schedule/rotate_by_file.js
2020-04-21 12:29:38,592 INFO 13334 [egg-schedule]: register schedule /Users/wanjianxin/xiaowan/graduation_project/english-pratice-server/node_modules/egg-multipart/app/schedule/clean_tmpdir.js
2020-04-21 12:29:38,592 INFO 13334 [egg-schedule]: register schedule /Users/wanjianxin/xiaowan/graduation_project/english-pratice-server/node_modules/egg-logrotator/app/schedule/clean_log.js
2020-04-21 12:29:38,592 INFO 13334 [egg-schedule]: register schedule /Users/wanjianxin/xiaowan/graduation_project/english-pratice-server/node_modules/egg-logrotator/app/schedule/rotate_by_file.js
2020-04-21 12:29:39,025 INFO 13335 [egg-schedule]: register schedule /Users/wanjianxin/xiaowan/graduation_project/english-pratice-server/node_modules/egg-multipart/app/schedule/clean_tmpdir.js
2020-04-21 12:29:39,025 INFO 13335 [egg-schedule]: register schedule /Users/wanjianxin/xiaowan/graduation_project/english-pratice-server/node_modules/egg-logrotator/app/schedule/clean_log.js
2020-04-21 12:29:39,025 INFO 13335 [egg-schedule]: register schedule /Users/wanjianxin/xiaowan/graduation_project/english-pratice-server/node_modules/egg-logrotator/app/schedule/rotate_by_file.js
2020-04-21 12:30:11,367 INFO 13371 [egg-schedule]: register schedule /Users/wanjianxin/xiaowan/graduation_project/english-pratice-server/node_modules/egg-multipart/app/schedule/clean_tmpdir.js
2020-04-21 12:30:11,367 INFO 13371 [egg-schedule]: register schedule /Users/wanjianxin/xiaowan/graduation_project/english-pratice-server/node_modules/egg-logrotator/app/schedule/clean_log.js
2020-04-21 12:30:11,367 INFO 13371 [egg-schedule]: register schedule /Users/wanjianxin/xiaowan/graduation_project/english-pratice-server/node_modules/egg-logrotator/app/schedule/rotate_by_file.js
2020-04-21 12:31:43,095 INFO 13502 [egg-schedule]: register schedule /Users/wanjianxin/xiaowan/graduation_project/english-pratice-server/node_modules/egg-multipart/app/schedule/clean_tmpdir.js
2020-04-21 12:31:43,095 INFO 13502 [egg-schedule]: register schedule /Users/wanjianxin/xiaowan/graduation_project/english-pratice-server/node_modules/egg-logrotator/app/schedule/clean_log.js
2020-04-21 12:31:43,095 INFO 13502 [egg-schedule]: register schedule /Users/wanjianxin/xiaowan/graduation_project/english-pratice-server/node_modules/egg-logrotator/app/schedule/rotate_by_file.js
2020-04-21 12:31:48,381 INFO 13513 [egg-schedule]: register schedule /Users/wanjianxin/xiaowan/graduation_project/english-pratice-server/node_modules/egg-multipart/app/schedule/clean_tmpdir.js
2020-04-21 12:31:48,381 INFO 13513 [egg-schedule]: register schedule /Users/wanjianxin/xiaowan/graduation_project/english-pratice-server/node_modules/egg-logrotator/app/schedule/clean_log.js
2020-04-21 12:31:48,381 INFO 13513 [egg-schedule]: register schedule /Users/wanjianxin/xiaowan/graduation_project/english-pratice-server/node_modules/egg-logrotator/app/schedule/rotate_by_file.js
2020-04-21 12:32:16,147 INFO 13551 [egg-schedule]: register schedule /Users/wanjianxin/xiaowan/graduation_project/english-pratice-server/node_modules/egg-multipart/app/schedule/clean_tmpdir.js
2020-04-21 12:32:16,147 INFO 13551 [egg-schedule]: register schedule /Users/wanjianxin/xiaowan/graduation_project/english-pratice-server/node_modules/egg-logrotator/app/schedule/clean_log.js
2020-04-21 12:32:16,147 INFO 13551 [egg-schedule]: register schedule /Users/wanjianxin/xiaowan/graduation_project/english-pratice-server/node_modules/egg-logrotator/app/schedule/rotate_by_file.js
2020-04-21 12:32:33,083 INFO 13594 [egg-schedule]: register schedule /Users/wanjianxin/xiaowan/graduation_project/english-pratice-server/node_modules/egg-multipart/app/schedule/clean_tmpdir.js
2020-04-21 12:32:33,083 INFO 13594 [egg-schedule]: register schedule /Users/wanjianxin/xiaowan/graduation_project/english-pratice-server/node_modules/egg-logrotator/app/schedule/clean_log.js
2020-04-21 12:32:33,083 INFO 13594 [egg-schedule]: register schedule /Users/wanjianxin/xiaowan/graduation_project/english-pratice-server/node_modules/egg-logrotator/app/schedule/rotate_by_file.js
2020-04-21 12:32:35,568 INFO 13604 [egg-schedule]: register schedule /Users/wanjianxin/xiaowan/graduation_project/english-pratice-server/node_modules/egg-multipart/app/schedule/clean_tmpdir.js
2020-04-21 12:32:35,568 INFO 13604 [egg-schedule]: register schedule /Users/wanjianxin/xiaowan/graduation_project/english-pratice-server/node_modules/egg-logrotator/app/schedule/clean_log.js
2020-04-21 12:32:35,568 INFO 13604 [egg-schedule]: register schedule /Users/wanjianxin/xiaowan/graduation_project/english-pratice-server/node_modules/egg-logrotator/app/schedule/rotate_by_file.js
2020-04-21 12:32:36,595 INFO 13608 [egg-schedule]: register schedule /Users/wanjianxin/xiaowan/graduation_project/english-pratice-server/node_modules/egg-multipart/app/schedule/clean_tmpdir.js
2020-04-21 12:32:36,595 INFO 13608 [egg-schedule]: register schedule /Users/wanjianxin/xiaowan/graduation_project/english-pratice-server/node_modules/egg-logrotator/app/schedule/clean_log.js
2020-04-21 12:32:36,595 INFO 13608 [egg-schedule]: register schedule /Users/wanjianxin/xiaowan/graduation_project/english-pratice-server/node_modules/egg-logrotator/app/schedule/rotate_by_file.js
2020-04-21 12:32:43,021 INFO 13623 [egg-schedule]: register schedule /Users/wanjianxin/xiaowan/graduation_project/english-pratice-server/node_modules/egg-multipart/app/schedule/clean_tmpdir.js
2020-04-21 12:32:43,021 INFO 13623 [egg-schedule]: register schedule /Users/wanjianxin/xiaowan/graduation_project/english-pratice-server/node_modules/egg-logrotator/app/schedule/clean_log.js
2020-04-21 12:32:43,021 INFO 13623 [egg-schedule]: register schedule /Users/wanjianxin/xiaowan/graduation_project/english-pratice-server/node_modules/egg-logrotator/app/schedule/rotate_by_file.js
2020-04-27 10:52:00,502 INFO 5527 [egg-schedule]: register schedule /Users/wanjianxin/xiaowan/graduation_project/english-pratice-server/node_modules/egg-multipart/app/schedule/clean_tmpdir.js
2020-04-27 10:52:00,502 INFO 5527 [egg-schedule]: register schedule /Users/wanjianxin/xiaowan/graduation_project/english-pratice-server/node_modules/egg-logrotator/app/schedule/clean_log.js
2020-04-27 10:52:00,502 INFO 5527 [egg-schedule]: register schedule /Users/wanjianxin/xiaowan/graduation_project/english-pratice-server/node_modules/egg-logrotator/app/schedule/rotate_by_file.js
2020-04-27 10:52:00,848 INFO 5526 [Timer] /Users/wanjianxin/xiaowan/graduation_project/english-pratice-server/node_modules/egg-multipart/app/schedule/clean_tmpdir.js next time will execute after 63479154ms at 2020-04-28 04:30:00.002
2020-04-27 10:52:00,848 INFO 5526 [Timer] /Users/wanjianxin/xiaowan/graduation_project/english-pratice-server/node_modules/egg-logrotator/app/schedule/clean_log.js next time will execute after 47279152ms at 2020-04-28 00:00:00.000
2020-04-27 10:52:00,849 INFO 5526 [Timer] /Users/wanjianxin/xiaowan/graduation_project/english-pratice-server/node_modules/egg-logrotator/app/schedule/rotate_by_file.js next time will execute after 47280152ms at 2020-04-28 00:00:01.001
2020-04-28 11:19:29,279 INFO 27862 [egg-schedule]: register schedule /Users/wanjianxin/xiaowan/graduation_project/english-pratice-server/node_modules/egg-multipart/app/schedule/clean_tmpdir.js
2020-04-28 11:19:29,279 INFO 27862 [egg-schedule]: register schedule /Users/wanjianxin/xiaowan/graduation_project/english-pratice-server/node_modules/egg-logrotator/app/schedule/clean_log.js
2020-04-28 11:19:29,279 INFO 27862 [egg-schedule]: register schedule /Users/wanjianxin/xiaowan/graduation_project/english-pratice-server/node_modules/egg-logrotator/app/schedule/rotate_by_file.js
2020-04-28 11:19:29,671 INFO 27859 [Timer] /Users/wanjianxin/xiaowan/graduation_project/english-pratice-server/node_modules/egg-multipart/app/schedule/clean_tmpdir.js next time will execute after 61830332ms at 2020-04-29 04:30:00.003
2020-04-28 11:19:29,671 INFO 27859 [Timer] /Users/wanjianxin/xiaowan/graduation_project/english-pratice-server/node_modules/egg-logrotator/app/schedule/clean_log.js next time will execute after 45630329ms at 2020-04-29 00:00:00.000
2020-04-28 11:19:29,672 INFO 27859 [Timer] /Users/wanjianxin/xiaowan/graduation_project/english-pratice-server/node_modules/egg-logrotator/app/schedule/rotate_by_file.js next time will execute after 45631328ms at 2020-04-29 00:00:01.000
2020-05-06 20:16:31,757 INFO 2350 [egg-schedule]: register schedule /Users/wanjianxin/xiaowan/graduation_project/english-pratice-server/node_modules/egg-multipart/app/schedule/clean_tmpdir.js
2020-05-06 20:16:31,757 INFO 2350 [egg-schedule]: register schedule /Users/wanjianxin/xiaowan/graduation_project/english-pratice-server/node_modules/egg-logrotator/app/schedule/clean_log.js
2020-05-06 20:16:31,757 INFO 2350 [egg-schedule]: register schedule /Users/wanjianxin/xiaowan/graduation_project/english-pratice-server/node_modules/egg-logrotator/app/schedule/rotate_by_file.js
2020-05-06 20:16:32,198 INFO 2346 [Timer] /Users/wanjianxin/xiaowan/graduation_project/english-pratice-server/node_modules/egg-multipart/app/schedule/clean_tmpdir.js next time will execute after 29607804ms at 2020-05-07 04:30:00.002
2020-05-06 20:16:32,198 INFO 2346 [Timer] /Users/wanjianxin/xiaowan/graduation_project/english-pratice-server/node_modules/egg-logrotator/app/schedule/clean_log.js next time will execute after 13407802ms at 2020-05-07 00:00:00.000
2020-05-06 20:16:32,199 INFO 2346 [Timer] /Users/wanjianxin/xiaowan/graduation_project/english-pratice-server/node_modules/egg-logrotator/app/schedule/rotate_by_file.js next time will execute after 13408802ms at 2020-05-07 00:00:01.001
2020-05-07 00:17:58,222 INFO 10139 [egg-schedule]: register schedule /Users/wanjianxin/xiaowan/graduation_project/english-pratice-server/node_modules/egg-multipart/app/schedule/clean_tmpdir.js
2020-05-07 00:17:58,222 INFO 10139 [egg-schedule]: register schedule /Users/wanjianxin/xiaowan/graduation_project/english-pratice-server/node_modules/egg-logrotator/app/schedule/clean_log.js
2020-05-07 00:17:58,222 INFO 10139 [egg-schedule]: register schedule /Users/wanjianxin/xiaowan/graduation_project/english-pratice-server/node_modules/egg-logrotator/app/schedule/rotate_by_file.js
2020-05-07 00:18:05,227 INFO 10163 [egg-schedule]: register schedule /Users/wanjianxin/xiaowan/graduation_project/english-pratice-server/node_modules/egg-multipart/app/schedule/clean_tmpdir.js
2020-05-07 00:18:05,227 INFO 10163 [egg-schedule]: register schedule /Users/wanjianxin/xiaowan/graduation_project/english-pratice-server/node_modules/egg-logrotator/app/schedule/clean_log.js
2020-05-07 00:18:05,227 INFO 10163 [egg-schedule]: register schedule /Users/wanjianxin/xiaowan/graduation_project/english-pratice-server/node_modules/egg-logrotator/app/schedule/rotate_by_file.js
2020-05-07 00:18:08,721 INFO 10166 [egg-schedule]: register schedule /Users/wanjianxin/xiaowan/graduation_project/english-pratice-server/node_modules/egg-multipart/app/schedule/clean_tmpdir.js
2020-05-07 00:18:08,721 INFO 10166 [egg-schedule]: register schedule /Users/wanjianxin/xiaowan/graduation_project/english-pratice-server/node_modules/egg-logrotator/app/schedule/clean_log.js
2020-05-07 00:18:08,721 INFO 10166 [egg-schedule]: register schedule /Users/wanjianxin/xiaowan/graduation_project/english-pratice-server/node_modules/egg-logrotator/app/schedule/rotate_by_file.js
2020-05-07 00:18:21,095 INFO 10191 [egg-schedule]: register schedule /Users/wanjianxin/xiaowan/graduation_project/english-pratice-server/node_modules/egg-multipart/app/schedule/clean_tmpdir.js
2020-05-07 00:18:21,095 INFO 10191 [egg-schedule]: register schedule /Users/wanjianxin/xiaowan/graduation_project/english-pratice-server/node_modules/egg-logrotator/app/schedule/clean_log.js
2020-05-07 00:18:21,095 INFO 10191 [egg-schedule]: register schedule /Users/wanjianxin/xiaowan/graduation_project/english-pratice-server/node_modules/egg-logrotator/app/schedule/rotate_by_file.js
2020-05-07 00:18:22,336 INFO 10198 [egg-schedule]: register schedule /Users/wanjianxin/xiaowan/graduation_project/english-pratice-server/node_modules/egg-multipart/app/schedule/clean_tmpdir.js
2020-05-07 00:18:22,336 INFO 10198 [egg-schedule]: register schedule /Users/wanjianxin/xiaowan/graduation_project/english-pratice-server/node_modules/egg-logrotator/app/schedule/clean_log.js
2020-05-07 00:18:22,337 INFO 10198 [egg-schedule]: register schedule /Users/wanjianxin/xiaowan/graduation_project/english-pratice-server/node_modules/egg-logrotator/app/schedule/rotate_by_file.js
2020-05-07 00:18:52,425 INFO 10220 [egg-schedule]: register schedule /Users/wanjianxin/xiaowan/graduation_project/english-pratice-server/node_modules/egg-multipart/app/schedule/clean_tmpdir.js
2020-05-07 00:18:52,425 INFO 10220 [egg-schedule]: register schedule /Users/wanjianxin/xiaowan/graduation_project/english-pratice-server/node_modules/egg-logrotator/app/schedule/clean_log.js
2020-05-07 00:18:52,425 INFO 10220 [egg-schedule]: register schedule /Users/wanjianxin/xiaowan/graduation_project/english-pratice-server/node_modules/egg-logrotator/app/schedule/rotate_by_file.js
2020-05-07 00:19:09,509 INFO 10248 [egg-schedule]: register schedule /Users/wanjianxin/xiaowan/graduation_project/english-pratice-server/node_modules/egg-multipart/app/schedule/clean_tmpdir.js
2020-05-07 00:19:09,509 INFO 10248 [egg-schedule]: register schedule /Users/wanjianxin/xiaowan/graduation_project/english-pratice-server/node_modules/egg-logrotator/app/schedule/clean_log.js
2020-05-07 00:19:09,509 INFO 10248 [egg-schedule]: register schedule /Users/wanjianxin/xiaowan/graduation_project/english-pratice-server/node_modules/egg-logrotator/app/schedule/rotate_by_file.js
2020-05-07 00:19:15,718 INFO 10264 [egg-schedule]: register schedule /Users/wanjianxin/xiaowan/graduation_project/english-pratice-server/node_modules/egg-multipart/app/schedule/clean_tmpdir.js
2020-05-07 00:19:15,718 INFO 10264 [egg-schedule]: register schedule /Users/wanjianxin/xiaowan/graduation_project/english-pratice-server/node_modules/egg-logrotator/app/schedule/clean_log.js
2020-05-07 00:19:15,718 INFO 10264 [egg-schedule]: register schedule /Users/wanjianxin/xiaowan/graduation_project/english-pratice-server/node_modules/egg-logrotator/app/schedule/rotate_by_file.js
2020-05-07 00:20:02,249 INFO 10313 [egg-schedule]: register schedule /Users/wanjianxin/xiaowan/graduation_project/english-pratice-server/node_modules/egg-multipart/app/schedule/clean_tmpdir.js
2020-05-07 00:20:02,249 INFO 10313 [egg-schedule]: register schedule /Users/wanjianxin/xiaowan/graduation_project/english-pratice-server/node_modules/egg-logrotator/app/schedule/clean_log.js
2020-05-07 00:20:02,249 INFO 10313 [egg-schedule]: register schedule /Users/wanjianxin/xiaowan/graduation_project/english-pratice-server/node_modules/egg-logrotator/app/schedule/rotate_by_file.js
2020-05-07 00:20:11,690 INFO 10336 [egg-schedule]: register schedule /Users/wanjianxin/xiaowan/graduation_project/english-pratice-server/node_modules/egg-multipart/app/schedule/clean_tmpdir.js
2020-05-07 00:20:11,690 INFO 10336 [egg-schedule]: register schedule /Users/wanjianxin/xiaowan/graduation_project/english-pratice-server/node_modules/egg-logrotator/app/schedule/clean_log.js
2020-05-07 00:20:11,690 INFO 10336 [egg-schedule]: register schedule /Users/wanjianxin/xiaowan/graduation_project/english-pratice-server/node_modules/egg-logrotator/app/schedule/rotate_by_file.js
2020-05-07 00:20:20,387 INFO 10359 [egg-schedule]: register schedule /Users/wanjianxin/xiaowan/graduation_project/english-pratice-server/node_modules/egg-multipart/app/schedule/clean_tmpdir.js
2020-05-07 00:20:20,387 INFO 10359 [egg-schedule]: register schedule /Users/wanjianxin/xiaowan/graduation_project/english-pratice-server/node_modules/egg-logrotator/app/schedule/clean_log.js
2020-05-07 00:20:20,387 INFO 10359 [egg-schedule]: register schedule /Users/wanjianxin/xiaowan/graduation_project/english-pratice-server/node_modules/egg-logrotator/app/schedule/rotate_by_file.js
2020-05-07 00:20:23,911 INFO 10369 [egg-schedule]: register schedule /Users/wanjianxin/xiaowan/graduation_project/english-pratice-server/node_modules/egg-multipart/app/schedule/clean_tmpdir.js
2020-05-07 00:20:23,911 INFO 10369 [egg-schedule]: register schedule /Users/wanjianxin/xiaowan/graduation_project/english-pratice-server/node_modules/egg-logrotator/app/schedule/clean_log.js
2020-05-07 00:20:23,911 INFO 10369 [egg-schedule]: register schedule /Users/wanjianxin/xiaowan/graduation_project/english-pratice-server/node_modules/egg-logrotator/app/schedule/rotate_by_file.js
2020-05-07 00:20:43,923 INFO 10395 [egg-schedule]: register schedule /Users/wanjianxin/xiaowan/graduation_project/english-pratice-server/node_modules/egg-multipart/app/schedule/clean_tmpdir.js
2020-05-07 00:20:43,923 INFO 10395 [egg-schedule]: register schedule /Users/wanjianxin/xiaowan/graduation_project/english-pratice-server/node_modules/egg-logrotator/app/schedule/clean_log.js
2020-05-07 00:20:43,923 INFO 10395 [egg-schedule]: register schedule /Users/wanjianxin/xiaowan/graduation_project/english-pratice-server/node_modules/egg-logrotator/app/schedule/rotate_by_file.js
2020-05-07 00:20:47,566 INFO 10405 [egg-schedule]: register schedule /Users/wanjianxin/xiaowan/graduation_project/english-pratice-server/node_modules/egg-multipart/app/schedule/clean_tmpdir.js
2020-05-07 00:20:47,566 INFO 10405 [egg-schedule]: register schedule /Users/wanjianxin/xiaowan/graduation_project/english-pratice-server/node_modules/egg-logrotator/app/schedule/clean_log.js
2020-05-07 00:20:47,566 INFO 10405 [egg-schedule]: register schedule /Users/wanjianxin/xiaowan/graduation_project/english-pratice-server/node_modules/egg-logrotator/app/schedule/rotate_by_file.js
